<?xml version="1.0" encoding="UTF-8"?>
<!-- Generated by org.testng.reporters.JUnitReportReporter -->
<testsuite hostname="DESKTOP-CEESDAM" failures="0" tests="1" name="extenreport.Extentreporter" time="7.273" errors="0" timestamp="2022-10-06T19:07:43 EDT" skipped="0">
  <testcase classname="extenreport.Extentreporter" name="intialdemo" time="7.273"/>
  <system-out/>
</testsuite> <!-- extenreport.Extentreporter -->
