<?xml version="1.0" encoding="UTF-8"?>
<!-- Generated by org.testng.reporters.JUnitReportReporter -->
<testsuite hostname="DESKTOP-CEESDAM" failures="0" tests="2" name="com.crm.qa.test.Testcase" time="7.663" errors="0" timestamp="2022-10-07T22:42:32 EDT" skipped="0">
  <testcase classname="com.crm.qa.test.Testcase" name="loging" time="5.207"/>
  <system-out/>
  <testcase classname="com.crm.qa.test.Testcase" name="validate" time="2.456"/>
  <system-out/>
</testsuite> <!-- com.crm.qa.test.Testcase -->
