<?xml version="1.0" encoding="UTF-8"?>
<!-- Generated by org.testng.reporters.JUnitReportReporter -->
<testsuite hostname="DESKTOP-CEESDAM" failures="0" tests="1" name="com.inetbanking.testcase.Main" time="0.009" errors="0" timestamp="2022-10-10T23:11:57 EDT" skipped="0">
  <testcase classname="com.inetbanking.testcase.Main" name="mymethod" time="0.009"/>
  <system-out/>
</testsuite> <!-- com.inetbanking.testcase.Main -->
