<?xml version="1.0" encoding="UTF-8"?>
<!-- Generated by org.testng.reporters.JUnitReportReporter -->
<testsuite hostname="DESKTOP-CEESDAM" failures="0" tests="1" name="com.inetbanking.testcase.TC_loging_001" time="0.951" errors="0" timestamp="2022-10-11T23:55:24 EDT" skipped="0">
  <testcase classname="com.inetbanking.testcase.TC_loging_001" name="loging" time="0.951"/>
  <system-out/>
</testsuite> <!-- com.inetbanking.testcase.TC_loging_001 -->
