<?xml version="1.0" encoding="UTF-8"?>
<!-- Generated by org.testng.reporters.JUnitReportReporter -->
<testsuite hostname="DESKTOP-CEESDAM" failures="0" tests="3" name="DDpractice" time="0.004" errors="0" timestamp="2022-10-14T23:55:10 EDT" skipped="0">
  <testcase classname="DDpractice" name="loging" time="0.001"/>
  <system-out/>
  <testcase classname="DDpractice" name="loging" time="0.000"/>
  <system-out/>
  <testcase classname="DDpractice" name="loging" time="0.003"/>
  <system-out/>
</testsuite> <!-- DDpractice -->
