<?xml version="1.0" encoding="UTF-8"?>
<!-- Generated by org.testng.reporters.JUnitReportReporter -->
<testsuite hostname="DESKTOP-CEESDAM" failures="0" tests="1" name="com.inetbanking.utility.ReadConfig" time="0.005" errors="0" timestamp="2022-10-11T15:40:57 EDT" skipped="0">
  <testcase classname="com.inetbanking.utility.ReadConfig" name="method" time="0.005"/>
  <system-out/>
</testsuite> <!-- com.inetbanking.utility.ReadConfig -->
