<?xml version="1.0" encoding="UTF-8"?>
<!-- Generated by org.testng.reporters.JUnitReportReporter -->
<testsuite hostname="DESKTOP-CEESDAM" failures="0" tests="1" name="com.crm.qa.test.LogingTest" time="5.674" errors="0" timestamp="2022-10-05T13:13:55 EDT" skipped="0">
  <testcase classname="com.crm.qa.test.LogingTest" name="loging" time="5.674"/>
  <system-out/>
</testsuite> <!-- com.crm.qa.test.LogingTest -->
