<?xml version="1.0" encoding="UTF-8"?>
<!-- Generated by org.testng.reporters.JUnitReportReporter -->
<testsuite skipped="0" hostname="DESKTOP-CEESDAM" name="test.TC_loging_001" tests="1" failures="0" timestamp="2022-10-23T11:49:18 EDT" time="0.151" errors="0">
  <testcase name="loging" time="0.151" classname="test.TC_loging_001"/>
  <system-out/>
</testsuite> <!-- test.TC_loging_001 -->
